2019-10-15 00:02:24.277  INFO 11068 --- [restartedMain] com.psu.kurs.demo.DemoApplication        : Starting DemoApplication on DESKTOP-9M2LHSA with PID 11068 (D:\demo_\target\classes started by grunt in D:\demo_)
2019-10-15 00:02:24.293  INFO 11068 --- [restartedMain] com.psu.kurs.demo.DemoApplication        : No active profile set, falling back to default profiles: default
2019-10-15 00:02:24.402  INFO 11068 --- [restartedMain] .e.DevToolsPropertyDefaultsPostProcessor : Devtools property defaults active! Set 'spring.devtools.add-properties' to 'false' to disable
2019-10-15 00:02:24.402  INFO 11068 --- [restartedMain] .e.DevToolsPropertyDefaultsPostProcessor : For additional web related logging consider setting the 'logging.level.web' property to 'DEBUG'
2019-10-15 00:02:26.960  INFO 11068 --- [restartedMain] .s.d.r.c.RepositoryConfigurationDelegate : Bootstrapping Spring Data repositories in DEFAULT mode.
2019-10-15 00:02:27.100  INFO 11068 --- [restartedMain] .s.d.r.c.RepositoryConfigurationDelegate : Finished Spring Data repository scanning in 125ms. Found 1 repository interfaces.
2019-10-15 00:02:28.296  INFO 11068 --- [restartedMain] trationDelegate$BeanPostProcessorChecker : Bean 'org.springframework.transaction.annotation.ProxyTransactionManagementConfiguration' of type [org.springframework.transaction.annotation.ProxyTransactionManagementConfiguration$$EnhancerBySpringCGLIB$$3764adac] is not eligible for getting processed by all BeanPostProcessors (for example: not eligible for auto-proxying)
2019-10-15 00:02:29.998  INFO 11068 --- [restartedMain] o.s.b.w.embedded.tomcat.TomcatWebServer  : Tomcat initialized with port(s): 8080 (http)
2019-10-15 00:02:30.045  INFO 11068 --- [restartedMain] o.apache.catalina.core.StandardService   : Starting service [Tomcat]
2019-10-15 00:02:30.045  INFO 11068 --- [restartedMain] org.apache.catalina.core.StandardEngine  : Starting Servlet engine: [Apache Tomcat/9.0.21]
2019-10-15 00:02:30.561  INFO 11068 --- [restartedMain] org.apache.jasper.servlet.TldScanner     : At least one JAR was scanned for TLDs yet contained no TLDs. Enable debug logging for this logger for a complete list of JARs that were scanned but no TLDs were found in them. Skipping unneeded JARs during scanning can improve startup time and JSP compilation time.
2019-10-15 00:02:30.576  INFO 11068 --- [restartedMain] o.a.c.c.C.[Tomcat].[localhost].[/]       : Initializing Spring embedded WebApplicationContext
2019-10-15 00:02:30.576  INFO 11068 --- [restartedMain] o.s.web.context.ContextLoader            : Root WebApplicationContext: initialization completed in 6174 ms
2019-10-15 00:02:31.000  INFO 11068 --- [restartedMain] o.hibernate.jpa.internal.util.LogHelper  : HHH000204: Processing PersistenceUnitInfo [
	name: default
	...]
2019-10-15 00:02:31.141  INFO 11068 --- [restartedMain] org.hibernate.Version                    : HHH000412: Hibernate Core {5.3.10.Final}
2019-10-15 00:02:31.157  INFO 11068 --- [restartedMain] org.hibernate.cfg.Environment            : HHH000206: hibernate.properties not found
2019-10-15 00:02:31.500  INFO 11068 --- [restartedMain] o.hibernate.annotations.common.Version   : HCANN000001: Hibernate Commons Annotations {5.0.4.Final}
2019-10-15 00:02:31.547 DEBUG 11068 --- [restartedMain] org.hibernate.type.BasicTypeRegistry     : Adding type registration boolean -> org.hibernate.type.BooleanType@28cc6863
2019-10-15 00:02:31.563 DEBUG 11068 --- [restartedMain] org.hibernate.type.BasicTypeRegistry     : Adding type registration boolean -> org.hibernate.type.BooleanType@28cc6863
2019-10-15 00:02:31.563 DEBUG 11068 --- [restartedMain] org.hibernate.type.BasicTypeRegistry     : Adding type registration java.lang.Boolean -> org.hibernate.type.BooleanType@28cc6863
2019-10-15 00:02:31.563 DEBUG 11068 --- [restartedMain] org.hibernate.type.BasicTypeRegistry     : Adding type registration numeric_boolean -> org.hibernate.type.NumericBooleanType@21d0e59c
2019-10-15 00:02:31.563 DEBUG 11068 --- [restartedMain] org.hibernate.type.BasicTypeRegistry     : Adding type registration true_false -> org.hibernate.type.TrueFalseType@4efa6b3a
2019-10-15 00:02:31.563 DEBUG 11068 --- [restartedMain] org.hibernate.type.BasicTypeRegistry     : Adding type registration yes_no -> org.hibernate.type.YesNoType@2d245115
2019-10-15 00:02:31.563 DEBUG 11068 --- [restartedMain] org.hibernate.type.BasicTypeRegistry     : Adding type registration byte -> org.hibernate.type.ByteType@6d43f26f
2019-10-15 00:02:31.563 DEBUG 11068 --- [restartedMain] org.hibernate.type.BasicTypeRegistry     : Adding type registration byte -> org.hibernate.type.ByteType@6d43f26f
2019-10-15 00:02:31.563 DEBUG 11068 --- [restartedMain] org.hibernate.type.BasicTypeRegistry     : Adding type registration java.lang.Byte -> org.hibernate.type.ByteType@6d43f26f
2019-10-15 00:02:31.579 DEBUG 11068 --- [restartedMain] org.hibernate.type.BasicTypeRegistry     : Adding type registration character -> org.hibernate.type.CharacterType@37548900
2019-10-15 00:02:31.579 DEBUG 11068 --- [restartedMain] org.hibernate.type.BasicTypeRegistry     : Adding type registration char -> org.hibernate.type.CharacterType@37548900
2019-10-15 00:02:31.579 DEBUG 11068 --- [restartedMain] org.hibernate.type.BasicTypeRegistry     : Adding type registration java.lang.Character -> org.hibernate.type.CharacterType@37548900
2019-10-15 00:02:31.579 DEBUG 11068 --- [restartedMain] org.hibernate.type.BasicTypeRegistry     : Adding type registration short -> org.hibernate.type.ShortType@36cf49d3
2019-10-15 00:02:31.579 DEBUG 11068 --- [restartedMain] org.hibernate.type.BasicTypeRegistry     : Adding type registration short -> org.hibernate.type.ShortType@36cf49d3
2019-10-15 00:02:31.579 DEBUG 11068 --- [restartedMain] org.hibernate.type.BasicTypeRegistry     : Adding type registration java.lang.Short -> org.hibernate.type.ShortType@36cf49d3
2019-10-15 00:02:31.579 DEBUG 11068 --- [restartedMain] org.hibernate.type.BasicTypeRegistry     : Adding type registration integer -> org.hibernate.type.IntegerType@3690a2a0
2019-10-15 00:02:31.579 DEBUG 11068 --- [restartedMain] org.hibernate.type.BasicTypeRegistry     : Adding type registration int -> org.hibernate.type.IntegerType@3690a2a0
2019-10-15 00:02:31.579 DEBUG 11068 --- [restartedMain] org.hibernate.type.BasicTypeRegistry     : Adding type registration java.lang.Integer -> org.hibernate.type.IntegerType@3690a2a0
2019-10-15 00:02:31.595 DEBUG 11068 --- [restartedMain] org.hibernate.type.BasicTypeRegistry     : Adding type registration long -> org.hibernate.type.LongType@42e6c2f6
2019-10-15 00:02:31.595 DEBUG 11068 --- [restartedMain] org.hibernate.type.BasicTypeRegistry     : Adding type registration long -> org.hibernate.type.LongType@42e6c2f6
2019-10-15 00:02:31.595 DEBUG 11068 --- [restartedMain] org.hibernate.type.BasicTypeRegistry     : Adding type registration java.lang.Long -> org.hibernate.type.LongType@42e6c2f6
2019-10-15 00:02:31.595 DEBUG 11068 --- [restartedMain] org.hibernate.type.BasicTypeRegistry     : Adding type registration float -> org.hibernate.type.FloatType@3d4fbeef
2019-10-15 00:02:31.595 DEBUG 11068 --- [restartedMain] org.hibernate.type.BasicTypeRegistry     : Adding type registration float -> org.hibernate.type.FloatType@3d4fbeef
2019-10-15 00:02:31.595 DEBUG 11068 --- [restartedMain] org.hibernate.type.BasicTypeRegistry     : Adding type registration java.lang.Float -> org.hibernate.type.FloatType@3d4fbeef
2019-10-15 00:02:31.595 DEBUG 11068 --- [restartedMain] org.hibernate.type.BasicTypeRegistry     : Adding type registration double -> org.hibernate.type.DoubleType@46995e00
2019-10-15 00:02:31.595 DEBUG 11068 --- [restartedMain] org.hibernate.type.BasicTypeRegistry     : Adding type registration double -> org.hibernate.type.DoubleType@46995e00
2019-10-15 00:02:31.595 DEBUG 11068 --- [restartedMain] org.hibernate.type.BasicTypeRegistry     : Adding type registration java.lang.Double -> org.hibernate.type.DoubleType@46995e00
2019-10-15 00:02:31.610 DEBUG 11068 --- [restartedMain] org.hibernate.type.BasicTypeRegistry     : Adding type registration big_decimal -> org.hibernate.type.BigDecimalType@35da9d01
2019-10-15 00:02:31.610 DEBUG 11068 --- [restartedMain] org.hibernate.type.BasicTypeRegistry     : Adding type registration java.math.BigDecimal -> org.hibernate.type.BigDecimalType@35da9d01
2019-10-15 00:02:31.610 DEBUG 11068 --- [restartedMain] org.hibernate.type.BasicTypeRegistry     : Adding type registration big_integer -> org.hibernate.type.BigIntegerType@101f5cb7
2019-10-15 00:02:31.610 DEBUG 11068 --- [restartedMain] org.hibernate.type.BasicTypeRegistry     : Adding type registration java.math.BigInteger -> org.hibernate.type.BigIntegerType@101f5cb7
2019-10-15 00:02:31.610 DEBUG 11068 --- [restartedMain] org.hibernate.type.BasicTypeRegistry     : Adding type registration string -> org.hibernate.type.StringType@6d17a0f6
2019-10-15 00:02:31.610 DEBUG 11068 --- [restartedMain] org.hibernate.type.BasicTypeRegistry     : Adding type registration java.lang.String -> org.hibernate.type.StringType@6d17a0f6
2019-10-15 00:02:31.610 DEBUG 11068 --- [restartedMain] org.hibernate.type.BasicTypeRegistry     : Adding type registration nstring -> org.hibernate.type.StringNVarcharType@70ed96f6
2019-10-15 00:02:31.610 DEBUG 11068 --- [restartedMain] org.hibernate.type.BasicTypeRegistry     : Adding type registration ncharacter -> org.hibernate.type.CharacterNCharType@731e562
2019-10-15 00:02:31.610 DEBUG 11068 --- [restartedMain] org.hibernate.type.BasicTypeRegistry     : Adding type registration url -> org.hibernate.type.UrlType@42b560fe
2019-10-15 00:02:31.610 DEBUG 11068 --- [restartedMain] org.hibernate.type.BasicTypeRegistry     : Adding type registration java.net.URL -> org.hibernate.type.UrlType@42b560fe
2019-10-15 00:02:31.610 DEBUG 11068 --- [restartedMain] org.hibernate.type.BasicTypeRegistry     : Adding type registration Duration -> org.hibernate.type.DurationType@71affdb0
2019-10-15 00:02:31.610 DEBUG 11068 --- [restartedMain] org.hibernate.type.BasicTypeRegistry     : Adding type registration java.time.Duration -> org.hibernate.type.DurationType@71affdb0
2019-10-15 00:02:31.610 DEBUG 11068 --- [restartedMain] org.hibernate.type.BasicTypeRegistry     : Adding type registration Instant -> org.hibernate.type.InstantType@3937e800
2019-10-15 00:02:31.610 DEBUG 11068 --- [restartedMain] org.hibernate.type.BasicTypeRegistry     : Adding type registration java.time.Instant -> org.hibernate.type.InstantType@3937e800
2019-10-15 00:02:31.610 DEBUG 11068 --- [restartedMain] org.hibernate.type.BasicTypeRegistry     : Adding type registration LocalDateTime -> org.hibernate.type.LocalDateTimeType@2a2cacb9
2019-10-15 00:02:31.626 DEBUG 11068 --- [restartedMain] org.hibernate.type.BasicTypeRegistry     : Adding type registration java.time.LocalDateTime -> org.hibernate.type.LocalDateTimeType@2a2cacb9
2019-10-15 00:02:31.626 DEBUG 11068 --- [restartedMain] org.hibernate.type.BasicTypeRegistry     : Adding type registration LocalDate -> org.hibernate.type.LocalDateType@5c164931
2019-10-15 00:02:31.626 DEBUG 11068 --- [restartedMain] org.hibernate.type.BasicTypeRegistry     : Adding type registration java.time.LocalDate -> org.hibernate.type.LocalDateType@5c164931
2019-10-15 00:02:31.626 DEBUG 11068 --- [restartedMain] org.hibernate.type.BasicTypeRegistry     : Adding type registration LocalTime -> org.hibernate.type.LocalTimeType@29d3ddf0
2019-10-15 00:02:31.626 DEBUG 11068 --- [restartedMain] org.hibernate.type.BasicTypeRegistry     : Adding type registration java.time.LocalTime -> org.hibernate.type.LocalTimeType@29d3ddf0
2019-10-15 00:02:31.626 DEBUG 11068 --- [restartedMain] org.hibernate.type.BasicTypeRegistry     : Adding type registration OffsetDateTime -> org.hibernate.type.OffsetDateTimeType@1483e52c
2019-10-15 00:02:31.626 DEBUG 11068 --- [restartedMain] org.hibernate.type.BasicTypeRegistry     : Adding type registration java.time.OffsetDateTime -> org.hibernate.type.OffsetDateTimeType@1483e52c
2019-10-15 00:02:31.626 DEBUG 11068 --- [restartedMain] org.hibernate.type.BasicTypeRegistry     : Adding type registration OffsetTime -> org.hibernate.type.OffsetTimeType@78e522f
2019-10-15 00:02:31.626 DEBUG 11068 --- [restartedMain] org.hibernate.type.BasicTypeRegistry     : Adding type registration java.time.OffsetTime -> org.hibernate.type.OffsetTimeType@78e522f
2019-10-15 00:02:31.626 DEBUG 11068 --- [restartedMain] org.hibernate.type.BasicTypeRegistry     : Adding type registration ZonedDateTime -> org.hibernate.type.ZonedDateTimeType@3eb8358c
2019-10-15 00:02:31.626 DEBUG 11068 --- [restartedMain] org.hibernate.type.BasicTypeRegistry     : Adding type registration java.time.ZonedDateTime -> org.hibernate.type.ZonedDateTimeType@3eb8358c
2019-10-15 00:02:31.642 DEBUG 11068 --- [restartedMain] org.hibernate.type.BasicTypeRegistry     : Adding type registration date -> org.hibernate.type.DateType@67f5ef8b
2019-10-15 00:02:31.642 DEBUG 11068 --- [restartedMain] org.hibernate.type.BasicTypeRegistry     : Adding type registration java.sql.Date -> org.hibernate.type.DateType@67f5ef8b
2019-10-15 00:02:31.642 DEBUG 11068 --- [restartedMain] org.hibernate.type.BasicTypeRegistry     : Adding type registration time -> org.hibernate.type.TimeType@73a5c33c
2019-10-15 00:02:31.642 DEBUG 11068 --- [restartedMain] org.hibernate.type.BasicTypeRegistry     : Adding type registration java.sql.Time -> org.hibernate.type.TimeType@73a5c33c
2019-10-15 00:02:31.642 DEBUG 11068 --- [restartedMain] org.hibernate.type.BasicTypeRegistry     : Adding type registration timestamp -> org.hibernate.type.TimestampType@27ded8c6
2019-10-15 00:02:31.642 DEBUG 11068 --- [restartedMain] org.hibernate.type.BasicTypeRegistry     : Adding type registration java.sql.Timestamp -> org.hibernate.type.TimestampType@27ded8c6
2019-10-15 00:02:31.642 DEBUG 11068 --- [restartedMain] org.hibernate.type.BasicTypeRegistry     : Adding type registration java.util.Date -> org.hibernate.type.TimestampType@27ded8c6
2019-10-15 00:02:31.642 DEBUG 11068 --- [restartedMain] org.hibernate.type.BasicTypeRegistry     : Adding type registration dbtimestamp -> org.hibernate.type.DbTimestampType@4f1c32b2
2019-10-15 00:02:31.642 DEBUG 11068 --- [restartedMain] org.hibernate.type.BasicTypeRegistry     : Adding type registration calendar -> org.hibernate.type.CalendarType@2a14e59f
2019-10-15 00:02:31.642 DEBUG 11068 --- [restartedMain] org.hibernate.type.BasicTypeRegistry     : Adding type registration java.util.Calendar -> org.hibernate.type.CalendarType@2a14e59f
2019-10-15 00:02:31.642 DEBUG 11068 --- [restartedMain] org.hibernate.type.BasicTypeRegistry     : Adding type registration java.util.GregorianCalendar -> org.hibernate.type.CalendarType@2a14e59f
2019-10-15 00:02:31.642 DEBUG 11068 --- [restartedMain] org.hibernate.type.BasicTypeRegistry     : Adding type registration calendar_date -> org.hibernate.type.CalendarDateType@71a43f65
2019-10-15 00:02:31.642 DEBUG 11068 --- [restartedMain] org.hibernate.type.BasicTypeRegistry     : Adding type registration locale -> org.hibernate.type.LocaleType@5120c08e
2019-10-15 00:02:31.642 DEBUG 11068 --- [restartedMain] org.hibernate.type.BasicTypeRegistry     : Adding type registration java.util.Locale -> org.hibernate.type.LocaleType@5120c08e
2019-10-15 00:02:31.657 DEBUG 11068 --- [restartedMain] org.hibernate.type.BasicTypeRegistry     : Adding type registration currency -> org.hibernate.type.CurrencyType@1f17354b
2019-10-15 00:02:31.657 DEBUG 11068 --- [restartedMain] org.hibernate.type.BasicTypeRegistry     : Adding type registration java.util.Currency -> org.hibernate.type.CurrencyType@1f17354b
2019-10-15 00:02:31.657 DEBUG 11068 --- [restartedMain] org.hibernate.type.BasicTypeRegistry     : Adding type registration timezone -> org.hibernate.type.TimeZoneType@3b78fa65
2019-10-15 00:02:31.657 DEBUG 11068 --- [restartedMain] org.hibernate.type.BasicTypeRegistry     : Adding type registration java.util.TimeZone -> org.hibernate.type.TimeZoneType@3b78fa65
2019-10-15 00:02:31.657 DEBUG 11068 --- [restartedMain] org.hibernate.type.BasicTypeRegistry     : Adding type registration class -> org.hibernate.type.ClassType@24e5f1a6
2019-10-15 00:02:31.657 DEBUG 11068 --- [restartedMain] org.hibernate.type.BasicTypeRegistry     : Adding type registration java.lang.Class -> org.hibernate.type.ClassType@24e5f1a6
2019-10-15 00:02:31.657 DEBUG 11068 --- [restartedMain] org.hibernate.type.BasicTypeRegistry     : Adding type registration uuid-binary -> org.hibernate.type.UUIDBinaryType@666e74a2
2019-10-15 00:02:31.657 DEBUG 11068 --- [restartedMain] org.hibernate.type.BasicTypeRegistry     : Adding type registration java.util.UUID -> org.hibernate.type.UUIDBinaryType@666e74a2
2019-10-15 00:02:31.657 DEBUG 11068 --- [restartedMain] org.hibernate.type.BasicTypeRegistry     : Adding type registration uuid-char -> org.hibernate.type.UUIDCharType@29e82f3
2019-10-15 00:02:31.657 DEBUG 11068 --- [restartedMain] org.hibernate.type.BasicTypeRegistry     : Adding type registration binary -> org.hibernate.type.BinaryType@3d576aa9
2019-10-15 00:02:31.657 DEBUG 11068 --- [restartedMain] org.hibernate.type.BasicTypeRegistry     : Adding type registration byte[] -> org.hibernate.type.BinaryType@3d576aa9
2019-10-15 00:02:31.657 DEBUG 11068 --- [restartedMain] org.hibernate.type.BasicTypeRegistry     : Adding type registration [B -> org.hibernate.type.BinaryType@3d576aa9
2019-10-15 00:02:31.657 DEBUG 11068 --- [restartedMain] org.hibernate.type.BasicTypeRegistry     : Adding type registration wrapper-binary -> org.hibernate.type.WrapperBinaryType@37cf8ed9
2019-10-15 00:02:31.657 DEBUG 11068 --- [restartedMain] org.hibernate.type.BasicTypeRegistry     : Adding type registration Byte[] -> org.hibernate.type.WrapperBinaryType@37cf8ed9
2019-10-15 00:02:31.657 DEBUG 11068 --- [restartedMain] org.hibernate.type.BasicTypeRegistry     : Adding type registration [Ljava.lang.Byte; -> org.hibernate.type.WrapperBinaryType@37cf8ed9
2019-10-15 00:02:31.673 DEBUG 11068 --- [restartedMain] org.hibernate.type.BasicTypeRegistry     : Adding type registration row_version -> org.hibernate.type.RowVersionType@b2d6e7b
2019-10-15 00:02:31.673 DEBUG 11068 --- [restartedMain] org.hibernate.type.BasicTypeRegistry     : Adding type registration image -> org.hibernate.type.ImageType@38398d7
2019-10-15 00:02:31.673 DEBUG 11068 --- [restartedMain] org.hibernate.type.BasicTypeRegistry     : Adding type registration characters -> org.hibernate.type.CharArrayType@62bb7993
2019-10-15 00:02:31.673 DEBUG 11068 --- [restartedMain] org.hibernate.type.BasicTypeRegistry     : Adding type registration char[] -> org.hibernate.type.CharArrayType@62bb7993
2019-10-15 00:02:31.673 DEBUG 11068 --- [restartedMain] org.hibernate.type.BasicTypeRegistry     : Adding type registration [C -> org.hibernate.type.CharArrayType@62bb7993
2019-10-15 00:02:31.673 DEBUG 11068 --- [restartedMain] org.hibernate.type.BasicTypeRegistry     : Adding type registration wrapper-characters -> org.hibernate.type.CharacterArrayType@3cf0bca7
2019-10-15 00:02:31.673 DEBUG 11068 --- [restartedMain] org.hibernate.type.BasicTypeRegistry     : Adding type registration [Ljava.lang.Character; -> org.hibernate.type.CharacterArrayType@3cf0bca7
2019-10-15 00:02:31.673 DEBUG 11068 --- [restartedMain] org.hibernate.type.BasicTypeRegistry     : Adding type registration Character[] -> org.hibernate.type.CharacterArrayType@3cf0bca7
2019-10-15 00:02:31.673 DEBUG 11068 --- [restartedMain] org.hibernate.type.BasicTypeRegistry     : Adding type registration text -> org.hibernate.type.TextType@17b4029f
2019-10-15 00:02:31.673 DEBUG 11068 --- [restartedMain] org.hibernate.type.BasicTypeRegistry     : Adding type registration ntext -> org.hibernate.type.NTextType@497a2ab8
2019-10-15 00:02:31.673 DEBUG 11068 --- [restartedMain] org.hibernate.type.BasicTypeRegistry     : Adding type registration blob -> org.hibernate.type.BlobType@4c34cb6b
2019-10-15 00:02:31.673 DEBUG 11068 --- [restartedMain] org.hibernate.type.BasicTypeRegistry     : Adding type registration java.sql.Blob -> org.hibernate.type.BlobType@4c34cb6b
2019-10-15 00:02:31.673 DEBUG 11068 --- [restartedMain] org.hibernate.type.BasicTypeRegistry     : Adding type registration materialized_blob -> org.hibernate.type.MaterializedBlobType@7ccfdd93
2019-10-15 00:02:31.688 DEBUG 11068 --- [restartedMain] org.hibernate.type.BasicTypeRegistry     : Adding type registration clob -> org.hibernate.type.ClobType@7204a75b
2019-10-15 00:02:31.688 DEBUG 11068 --- [restartedMain] org.hibernate.type.BasicTypeRegistry     : Adding type registration java.sql.Clob -> org.hibernate.type.ClobType@7204a75b
2019-10-15 00:02:31.688 DEBUG 11068 --- [restartedMain] org.hibernate.type.BasicTypeRegistry     : Adding type registration nclob -> org.hibernate.type.NClobType@352031fb
2019-10-15 00:02:31.688 DEBUG 11068 --- [restartedMain] org.hibernate.type.BasicTypeRegistry     : Adding type registration java.sql.NClob -> org.hibernate.type.NClobType@352031fb
2019-10-15 00:02:31.688 DEBUG 11068 --- [restartedMain] org.hibernate.type.BasicTypeRegistry     : Adding type registration materialized_clob -> org.hibernate.type.MaterializedClobType@5c2972e7
2019-10-15 00:02:31.688 DEBUG 11068 --- [restartedMain] org.hibernate.type.BasicTypeRegistry     : Adding type registration materialized_nclob -> org.hibernate.type.MaterializedNClobType@560ccf2c
2019-10-15 00:02:31.688 DEBUG 11068 --- [restartedMain] org.hibernate.type.BasicTypeRegistry     : Adding type registration serializable -> org.hibernate.type.SerializableType@7c2497cc
2019-10-15 00:02:31.688 DEBUG 11068 --- [restartedMain] org.hibernate.type.BasicTypeRegistry     : Adding type registration object -> org.hibernate.type.ObjectType@2dfffd88
2019-10-15 00:02:31.688 DEBUG 11068 --- [restartedMain] org.hibernate.type.BasicTypeRegistry     : Adding type registration java.lang.Object -> org.hibernate.type.ObjectType@2dfffd88
2019-10-15 00:02:31.704 DEBUG 11068 --- [restartedMain] org.hibernate.type.BasicTypeRegistry     : Adding type registration imm_date -> org.hibernate.type.AdaptedImmutableType@4869524d
2019-10-15 00:02:31.704 DEBUG 11068 --- [restartedMain] org.hibernate.type.BasicTypeRegistry     : Adding type registration imm_time -> org.hibernate.type.AdaptedImmutableType@43120142
2019-10-15 00:02:31.704 DEBUG 11068 --- [restartedMain] org.hibernate.type.BasicTypeRegistry     : Adding type registration imm_timestamp -> org.hibernate.type.AdaptedImmutableType@bd4951d
2019-10-15 00:02:31.704 DEBUG 11068 --- [restartedMain] org.hibernate.type.BasicTypeRegistry     : Adding type registration imm_dbtimestamp -> org.hibernate.type.AdaptedImmutableType@5658d25d
2019-10-15 00:02:31.704 DEBUG 11068 --- [restartedMain] org.hibernate.type.BasicTypeRegistry     : Adding type registration imm_calendar -> org.hibernate.type.AdaptedImmutableType@542119e1
2019-10-15 00:02:31.704 DEBUG 11068 --- [restartedMain] org.hibernate.type.BasicTypeRegistry     : Adding type registration imm_calendar_date -> org.hibernate.type.AdaptedImmutableType@7ea0a36
2019-10-15 00:02:31.704 DEBUG 11068 --- [restartedMain] org.hibernate.type.BasicTypeRegistry     : Adding type registration imm_binary -> org.hibernate.type.AdaptedImmutableType@28b90bab
2019-10-15 00:02:31.704 DEBUG 11068 --- [restartedMain] org.hibernate.type.BasicTypeRegistry     : Adding type registration imm_serializable -> org.hibernate.type.AdaptedImmutableType@38e3fedb
2019-10-15 00:02:31.860  INFO 11068 --- [restartedMain] com.zaxxer.hikari.HikariDataSource       : HikariPool-1 - Starting...
2019-10-15 00:02:32.066  INFO 11068 --- [restartedMain] com.zaxxer.hikari.HikariDataSource       : HikariPool-1 - Start completed.
2019-10-15 00:02:32.113  INFO 11068 --- [restartedMain] org.hibernate.dialect.Dialect            : HHH000400: Using dialect: org.hibernate.dialect.PostgreSQL95Dialect
2019-10-15 00:02:32.378  INFO 11068 --- [restartedMain] o.h.e.j.e.i.LobCreatorBuilderImpl        : HHH000421: Disabling contextual LOB creation as hibernate.jdbc.lob.non_contextual_creation is true
2019-10-15 00:02:32.410 DEBUG 11068 --- [restartedMain] org.hibernate.type.BasicTypeRegistry     : Adding type registration pg-uuid -> org.hibernate.type.PostgresUUIDType@1bbd565c
2019-10-15 00:02:32.410 DEBUG 11068 --- [restartedMain] org.hibernate.type.BasicTypeRegistry     : Adding type registration java.util.UUID -> org.hibernate.type.PostgresUUIDType@1bbd565c
2019-10-15 00:02:32.410  INFO 11068 --- [restartedMain] org.hibernate.type.BasicTypeRegistry     : HHH000270: Type registration [java.util.UUID] overrides previous : org.hibernate.type.UUIDBinaryType@666e74a2
2019-10-15 00:02:32.410 DEBUG 11068 --- [restartedMain] o.h.type.spi.TypeConfiguration$Scope     : Scoping TypeConfiguration [org.hibernate.type.spi.TypeConfiguration@512265b9] to MetadataBuildingContext [org.hibernate.boot.internal.MetadataBuildingContextRootImpl@4d9382c6]
2019-10-15 00:02:33.028 DEBUG 11068 --- [restartedMain] o.h.type.spi.TypeConfiguration$Scope     : Scoping TypeConfiguration [org.hibernate.type.spi.TypeConfiguration@512265b9] to SessionFactoryImpl [org.hibernate.internal.SessionFactoryImpl@64876cb7]
2019-10-15 00:02:33.621  INFO 11068 --- [restartedMain] j.LocalContainerEntityManagerFactoryBean : Initialized JPA EntityManagerFactory for persistence unit 'default'
2019-10-15 00:02:33.653  INFO 11068 --- [restartedMain] o.s.b.d.a.OptionalLiveReloadServer       : LiveReload server is running on port 35729
2019-10-15 00:02:34.674  INFO 11068 --- [restartedMain] o.s.s.concurrent.ThreadPoolTaskExecutor  : Initializing ExecutorService 'applicationTaskExecutor'
2019-10-15 00:02:34.752  WARN 11068 --- [restartedMain] aWebConfiguration$JpaWebMvcConfiguration : spring.jpa.open-in-view is enabled by default. Therefore, database queries may be performed during view rendering. Explicitly configure spring.jpa.open-in-view to disable this warning
2019-10-15 00:02:35.050  INFO 11068 --- [restartedMain] o.s.b.a.w.s.WelcomePageHandlerMapping    : Adding welcome page template: index
2019-10-15 00:02:35.418  INFO 11068 --- [restartedMain] o.s.b.w.embedded.tomcat.TomcatWebServer  : Tomcat started on port(s): 8080 (http) with context path ''
2019-10-15 00:02:35.433  INFO 11068 --- [restartedMain] com.psu.kurs.demo.DemoApplication        : Started DemoApplication in 12.128 seconds (JVM running for 13.648)
2019-10-15 00:02:35.433  INFO 11068 --- [restartedMain] com.psu.kurs.demo.DemoApplication        : hello igor
2019-10-15 00:02:43.376  INFO 11068 --- [http-nio-8080-exec-10] o.a.c.c.C.[Tomcat].[localhost].[/]       : Initializing Spring DispatcherServlet 'dispatcherServlet'
2019-10-15 00:02:43.378  INFO 11068 --- [http-nio-8080-exec-10] o.s.web.servlet.DispatcherServlet        : Initializing Servlet 'dispatcherServlet'
2019-10-15 00:02:43.399  INFO 11068 --- [http-nio-8080-exec-10] o.s.web.servlet.DispatcherServlet        : Completed initialization in 21 ms
