----------------------------------------------------------------
Sun Oct 06 00:03:39 MSK 2019:
Booting Derby version The Apache Software Foundation - Apache Derby - 10.14.2.0 - (1828579): instance a816c00e-016d-9dbc-2f95-0000020ec7f8 
on database directory C:\Users\grunt\eclipse-workspace\demo_\.derby with class loader org.springframework.boot.loader.LaunchedURLClassLoader@1698c449 
Loaded from jar:file:/C:/Users/grunt/eclipse-workspace/blank/target/blank.jar!/BOOT-INF/lib/derby-10.14.2.0.jar!/
java.vendor=Oracle Corporation
java.runtime.version=12.0.1+12
user.dir=C:\Users\grunt\eclipse-workspace\demo_
os.name=Windows 10
os.arch=amd64
os.version=10.0
derby.system.home=null
Database Class Loader started - derby.database.classpath=''
----------------------------------------------------------------
Sun Oct 06 00:03:45 MSK 2019:
Shutting down instance a816c00e-016d-9dbc-2f95-0000020ec7f8 on database directory C:\Users\grunt\eclipse-workspace\demo_\.derby with class loader org.springframework.boot.loader.LaunchedURLClassLoader@1698c449 
----------------------------------------------------------------
Sun Oct 06 00:03:45 MSK 2019:
Booting Derby version The Apache Software Foundation - Apache Derby - 10.14.2.0 - (1828579): instance 2c864112-016d-9dbc-2f95-0000020ec7f8 
on database directory C:\Users\grunt\eclipse-workspace\demo_\.derby with class loader org.springframework.boot.loader.LaunchedURLClassLoader@1698c449 
Loaded from jar:file:/C:/Users/grunt/eclipse-workspace/blank/target/blank.jar!/BOOT-INF/lib/derby-10.14.2.0.jar!/
java.vendor=Oracle Corporation
java.runtime.version=12.0.1+12
user.dir=C:\Users\grunt\eclipse-workspace\demo_
os.name=Windows 10
os.arch=amd64
os.version=10.0
derby.system.home=null
Database Class Loader started - derby.database.classpath=''
